<?xml version="1.0" encoding="UTF-8"?>
<testng-results ignored="0" total="1" passed="1" failed="0" skipped="0">
  <reporter-output>
  </reporter-output>
  <suite started-at="2021-09-12T15:48:01 EEST" name="FirstTest" finished-at="2021-09-12T15:48:05 EEST" duration-ms="4039">
    <groups>
    </groups>
    <test started-at="2021-09-12T15:48:01 EEST" name="Command line test" finished-at="2021-09-12T15:48:05 EEST" duration-ms="4039">
      <class name="FirstTest">
        <test-method signature="navigateTOFreeConsultationForm()[pri:0, instance:FirstTest@1d9b7cce]" started-at="2021-09-12T15:48:01 EEST" name="navigateTOFreeConsultationForm" finished-at="2021-09-12T15:48:05 EEST" duration-ms="3964" status="PASS">
          <reporter-output>
          </reporter-output>
        </test-method> <!-- navigateTOFreeConsultationForm -->
      </class> <!-- FirstTest -->
    </test> <!-- Command line test -->
  </suite> <!-- FirstTest -->
</testng-results>
